{"URL":"/users/jd","METHOD":"GET","CODE":404,"BODY":{},"QUERY":{},"level":"error","message":"error","timestamp":"2020-04-12T08:57:20.630Z"}
{"URL":"/users","METHOD":"GET","CODE":500,"BODY":{},"QUERY":{},"level":"error","message":"error","timestamp":"2020-04-12T08:58:25.517Z"}
{"URL":"/boards/40da47c5-ee18-4a6f-ad67-41c0d266b5ca/tasks/7b379cb2-8eb6-429b-8b14-ed5acd00c303","METHOD":"GET","CODE":401,"BODY":{},"QUERY":{},"level":"error","message":"error","timestamp":"2020-04-12T09:03:53.798Z"}
{"URL":"/boards/7c0c3b3a-b66f-4917-9620-65c6fde2b7e3","METHOD":"GET","CODE":404,"BODY":{},"QUERY":{},"level":"error","message":"error","timestamp":"2020-04-12T09:03:53.804Z"}
{"URL":"/boards/85eb26b3-aeb0-4908-94e1-0fed8cbba649/tasks/02d586db-fb10-498d-8cc4-30e4c1e07bae","METHOD":"GET","CODE":401,"BODY":{},"QUERY":{},"level":"error","message":"error","timestamp":"2020-04-12T09:03:53.877Z"}
{"URL":"/boards/85eb26b3-aeb0-4908-94e1-0fed8cbba649/tasks/3caa2cd6-11b2-4692-8427-01cf0b85d847","METHOD":"GET","CODE":401,"BODY":{},"QUERY":{},"level":"error","message":"error","timestamp":"2020-04-12T09:03:53.879Z"}
{"URL":"/boards/85eb26b3-aeb0-4908-94e1-0fed8cbba649/tasks/9de81519-425a-4c72-936f-0335f3742ae2","METHOD":"GET","CODE":401,"BODY":{},"QUERY":{},"level":"error","message":"error","timestamp":"2020-04-12T09:03:53.882Z"}
{"URL":"/boards/85eb26b3-aeb0-4908-94e1-0fed8cbba649/tasks/7fff7036-fa3b-4aa1-aee4-bd72cff5c659","METHOD":"GET","CODE":401,"BODY":{},"QUERY":{},"level":"error","message":"error","timestamp":"2020-04-12T09:03:53.885Z"}
{"URL":"/boards/85eb26b3-aeb0-4908-94e1-0fed8cbba649/tasks/016fd2b9-0a47-4ae4-847a-d1c6d289d6ad","METHOD":"GET","CODE":401,"BODY":{},"QUERY":{},"level":"error","message":"error","timestamp":"2020-04-12T09:03:53.887Z"}
{"URL":"/boards/410b0b78-cf3b-481b-a2f7-6f9253262daf/tasks/7bd6c4f3-bb71-4ba7-b564-e0bb0e75e456","METHOD":"GET","CODE":401,"BODY":{},"QUERY":{},"level":"error","message":"error","timestamp":"2020-04-12T09:04:34.267Z"}
{"URL":"/boards/7c0c3b3a-b66f-4917-9620-65c6fde2b7e3","METHOD":"GET","CODE":404,"BODY":{},"QUERY":{},"level":"error","message":"error","timestamp":"2020-04-12T09:04:34.289Z"}
{"URL":"/boards/25466335-f4bd-47cc-ac6b-8d36eae9f5ca/tasks/6a5d1acc-95b0-41f7-8363-334abbfeb910","METHOD":"GET","CODE":401,"BODY":{},"QUERY":{},"level":"error","message":"error","timestamp":"2020-04-12T09:04:34.360Z"}
{"URL":"/boards/25466335-f4bd-47cc-ac6b-8d36eae9f5ca/tasks/6e623682-315e-4481-aeba-995bf0561472","METHOD":"GET","CODE":401,"BODY":{},"QUERY":{},"level":"error","message":"error","timestamp":"2020-04-12T09:04:34.363Z"}
{"URL":"/boards/25466335-f4bd-47cc-ac6b-8d36eae9f5ca/tasks/c28bc54c-0d79-499a-8dd3-0bc421141fdc","METHOD":"GET","CODE":401,"BODY":{},"QUERY":{},"level":"error","message":"error","timestamp":"2020-04-12T09:04:34.367Z"}
{"URL":"/boards/25466335-f4bd-47cc-ac6b-8d36eae9f5ca/tasks/8b30a5e6-7ddd-4613-8a45-bc6560763918","METHOD":"GET","CODE":401,"BODY":{},"QUERY":{},"level":"error","message":"error","timestamp":"2020-04-12T09:04:34.371Z"}
{"URL":"/boards/25466335-f4bd-47cc-ac6b-8d36eae9f5ca/tasks/dc03334e-ab34-496a-8382-70618d3f0954","METHOD":"GET","CODE":401,"BODY":{},"QUERY":{},"level":"error","message":"error","timestamp":"2020-04-12T09:04:34.377Z"}
{"URL":"/boards/e2bcce61-ed42-4837-96d8-bee73178e8df/tasks/a9fc3cbd-cdb2-47c4-bad6-76d9d65dd941","METHOD":"GET","CODE":401,"BODY":{},"QUERY":{},"level":"error","message":"error","timestamp":"2020-04-12T09:06:24.376Z"}
{"URL":"/boards/7c0c3b3a-b66f-4917-9620-65c6fde2b7e3","METHOD":"GET","CODE":404,"BODY":{},"QUERY":{},"level":"error","message":"error","timestamp":"2020-04-12T09:06:24.401Z"}
{"URL":"/boards/f2f28d92-d170-46ee-bff0-ce77dcc2dc26/tasks/4bc08917-8c32-4a82-b53c-ab8c328bbfa8","METHOD":"GET","CODE":401,"BODY":{},"QUERY":{},"level":"error","message":"error","timestamp":"2020-04-12T09:06:24.469Z"}
{"URL":"/boards/f2f28d92-d170-46ee-bff0-ce77dcc2dc26/tasks/8a4b9ff6-7ad0-4f95-aabc-953e46c9be15","METHOD":"GET","CODE":401,"BODY":{},"QUERY":{},"level":"error","message":"error","timestamp":"2020-04-12T09:06:24.473Z"}
{"URL":"/boards/f2f28d92-d170-46ee-bff0-ce77dcc2dc26/tasks/36662cf1-bb18-46d6-9df8-935508f1223d","METHOD":"GET","CODE":401,"BODY":{},"QUERY":{},"level":"error","message":"error","timestamp":"2020-04-12T09:06:24.476Z"}
{"URL":"/boards/f2f28d92-d170-46ee-bff0-ce77dcc2dc26/tasks/99e9bf96-1dfb-468e-a82d-01835724a742","METHOD":"GET","CODE":401,"BODY":{},"QUERY":{},"level":"error","message":"error","timestamp":"2020-04-12T09:06:24.479Z"}
{"URL":"/boards/f2f28d92-d170-46ee-bff0-ce77dcc2dc26/tasks/08c10e66-ed14-4aa3-a70e-b572259e86fd","METHOD":"GET","CODE":401,"BODY":{},"QUERY":{},"level":"error","message":"error","timestamp":"2020-04-12T09:06:24.483Z"}
{"URL":"/boards/4b7744a9-d8dd-45e3-8954-05207f2289ba/tasks/5ff6b763-0975-4a34-9673-ed6846176345","METHOD":"GET","CODE":401,"BODY":{},"QUERY":{},"level":"error","message":"error","timestamp":"2020-04-12T09:08:11.357Z"}
{"URL":"/boards/7c0c3b3a-b66f-4917-9620-65c6fde2b7e3","METHOD":"GET","CODE":404,"BODY":{},"QUERY":{},"level":"error","message":"error","timestamp":"2020-04-12T09:08:11.524Z"}
{"URL":"/boards/94621994-fc2c-4967-b546-9bc6807216d2/tasks/6584c275-6612-4707-91eb-d90e83a92487","METHOD":"GET","CODE":401,"BODY":{},"QUERY":{},"level":"error","message":"error","timestamp":"2020-04-12T09:08:11.587Z"}
{"URL":"/boards/94621994-fc2c-4967-b546-9bc6807216d2/tasks/4bbc3ed1-4669-423c-8f68-916893612442","METHOD":"GET","CODE":401,"BODY":{},"QUERY":{},"level":"error","message":"error","timestamp":"2020-04-12T09:08:11.589Z"}
{"URL":"/boards/94621994-fc2c-4967-b546-9bc6807216d2/tasks/d9b30b74-acce-44da-a7b4-0f9a1af66218","METHOD":"GET","CODE":401,"BODY":{},"QUERY":{},"level":"error","message":"error","timestamp":"2020-04-12T09:08:11.593Z"}
{"URL":"/boards/94621994-fc2c-4967-b546-9bc6807216d2/tasks/09881e4a-6309-4715-b818-4606eef1ee3d","METHOD":"GET","CODE":401,"BODY":{},"QUERY":{},"level":"error","message":"error","timestamp":"2020-04-12T09:08:11.595Z"}
{"URL":"/boards/94621994-fc2c-4967-b546-9bc6807216d2/tasks/968ecc81-3594-492e-8439-9d555b5b9bb4","METHOD":"GET","CODE":401,"BODY":{},"QUERY":{},"level":"error","message":"error","timestamp":"2020-04-12T09:08:11.598Z"}
{"URL":"/boards/7c0c3b3a-b66f-4917-9620-65c6fde2b7e3","METHOD":"GET","CODE":404,"BODY":{},"QUERY":{},"level":"error","message":"error","timestamp":"2020-04-12T09:09:12.581Z"}
{"URL":"/boards/025eb449-e505-4806-b514-ba76f1b0b181/tasks/0810cbe0-f813-4888-ae52-963923a5c4e7","METHOD":"GET","CODE":401,"BODY":{},"QUERY":{},"level":"error","message":"error","timestamp":"2020-04-12T09:09:12.688Z"}
{"URL":"/boards/025eb449-e505-4806-b514-ba76f1b0b181/tasks/20cbf8c4-a181-4a70-829a-cbf2d6e98076","METHOD":"GET","CODE":401,"BODY":{},"QUERY":{},"level":"error","message":"error","timestamp":"2020-04-12T09:09:12.692Z"}
{"URL":"/boards/025eb449-e505-4806-b514-ba76f1b0b181/tasks/ed260671-3c02-49ba-8643-cccc3cc170c0","METHOD":"GET","CODE":401,"BODY":{},"QUERY":{},"level":"error","message":"error","timestamp":"2020-04-12T09:09:12.703Z"}
{"URL":"/boards/025eb449-e505-4806-b514-ba76f1b0b181/tasks/7f1f08d0-0de6-4755-aea7-5f007afbfd21","METHOD":"GET","CODE":401,"BODY":{},"QUERY":{},"level":"error","message":"error","timestamp":"2020-04-12T09:09:12.753Z"}
{"URL":"/boards/025eb449-e505-4806-b514-ba76f1b0b181/tasks/1f2abb2a-4cc1-4c0d-a56b-e1e74e0af431","METHOD":"GET","CODE":401,"BODY":{},"QUERY":{},"level":"error","message":"error","timestamp":"2020-04-12T09:09:12.887Z"}
{"URL":"/boards/90f1abc6-54c4-4d14-b95f-a224b75483cb/tasks/ada7aecf-2d0d-45e8-af14-b9aedfb2c408","METHOD":"GET","CODE":401,"BODY":{},"QUERY":{},"level":"error","message":"error","timestamp":"2020-04-12T09:09:13.067Z"}
{"URL":"/boards/adcfc26f-7a95-4af1-a7f5-ab197b04ab2b/tasks/165a1307-9c8c-4d17-a1be-7c5d239938a6","METHOD":"GET","CODE":401,"BODY":{},"QUERY":{},"level":"error","message":"error","timestamp":"2020-04-12T09:11:43.103Z"}
{"URL":"/boards/7c0c3b3a-b66f-4917-9620-65c6fde2b7e3","METHOD":"GET","CODE":404,"BODY":{},"QUERY":{},"level":"error","message":"error","timestamp":"2020-04-12T09:11:43.221Z"}
{"URL":"/boards/a6889b3b-3d81-4cb0-9065-9ead09f1027e/tasks/17de0507-17bd-4c3e-8b58-54089889f2a2","METHOD":"GET","CODE":401,"BODY":{},"QUERY":{},"level":"error","message":"error","timestamp":"2020-04-12T09:11:44.728Z"}
{"URL":"/boards/a6889b3b-3d81-4cb0-9065-9ead09f1027e/tasks/365462fc-d677-4f57-9211-e01db62be907","METHOD":"GET","CODE":401,"BODY":{},"QUERY":{},"level":"error","message":"error","timestamp":"2020-04-12T09:11:44.777Z"}
{"URL":"/boards/a6889b3b-3d81-4cb0-9065-9ead09f1027e/tasks/f1bbe4de-b044-4a9e-a9de-dd051eaa6bbe","METHOD":"GET","CODE":401,"BODY":{},"QUERY":{},"level":"error","message":"error","timestamp":"2020-04-12T09:11:44.813Z"}
{"URL":"/boards/a6889b3b-3d81-4cb0-9065-9ead09f1027e/tasks/d1c9eb9d-268f-4c2e-9829-07a5a4444736","METHOD":"GET","CODE":401,"BODY":{},"QUERY":{},"level":"error","message":"error","timestamp":"2020-04-12T09:11:44.834Z"}
{"URL":"/boards/a6889b3b-3d81-4cb0-9065-9ead09f1027e/tasks/ea8b0235-a65f-4243-b39f-0e3719d256cb","METHOD":"GET","CODE":401,"BODY":{},"QUERY":{},"level":"error","message":"error","timestamp":"2020-04-12T09:11:44.842Z"}
{"URL":"/boards/72659dae-9a67-4bc9-ac47-df477deda503/tasks/74318931-560d-4af3-9560-d8754dfffe17","METHOD":"GET","CODE":401,"BODY":{},"QUERY":{},"level":"error","message":"error","timestamp":"2020-04-12T09:17:47.961Z"}
{"URL":"/boards/7c0c3b3a-b66f-4917-9620-65c6fde2b7e3","METHOD":"GET","CODE":404,"BODY":{},"QUERY":{},"level":"error","message":"error","timestamp":"2020-04-12T09:17:48.002Z"}
{"URL":"/boards/bd700a74-6c12-4975-b4a4-ada2b3720032/tasks/46294c88-5391-49a4-984c-c13f2c99053a","METHOD":"GET","CODE":401,"BODY":{},"QUERY":{},"level":"error","message":"error","timestamp":"2020-04-12T09:17:48.480Z"}
{"URL":"/boards/bd700a74-6c12-4975-b4a4-ada2b3720032/tasks/07e1d1e0-28f2-4758-a91e-8437fe37cd94","METHOD":"GET","CODE":401,"BODY":{},"QUERY":{},"level":"error","message":"error","timestamp":"2020-04-12T09:17:48.484Z"}
{"URL":"/boards/bd700a74-6c12-4975-b4a4-ada2b3720032/tasks/c50bec56-2085-4a18-8b8b-d978c40c2f4e","METHOD":"GET","CODE":401,"BODY":{},"QUERY":{},"level":"error","message":"error","timestamp":"2020-04-12T09:17:48.508Z"}
{"URL":"/boards/bd700a74-6c12-4975-b4a4-ada2b3720032/tasks/e9c87dcd-3484-4a67-b2b5-4607f552a878","METHOD":"GET","CODE":401,"BODY":{},"QUERY":{},"level":"error","message":"error","timestamp":"2020-04-12T09:17:48.512Z"}
{"URL":"/boards/bd700a74-6c12-4975-b4a4-ada2b3720032/tasks/fc35e130-0191-43bd-8127-4f7439baad14","METHOD":"GET","CODE":401,"BODY":{},"QUERY":{},"level":"error","message":"error","timestamp":"2020-04-12T09:17:48.517Z"}
{"URL":"/boards/d8ce0b33-9dc6-4120-85d9-ee68490b708c/tasks/626404e3-27e6-458f-b77e-87d66c65ed94","METHOD":"GET","CODE":401,"BODY":{},"QUERY":{},"level":"error","message":"error","timestamp":"2020-04-12T09:19:12.592Z"}
{"URL":"/boards/7c0c3b3a-b66f-4917-9620-65c6fde2b7e3","METHOD":"GET","CODE":404,"BODY":{},"QUERY":{},"level":"error","message":"error","timestamp":"2020-04-12T09:19:12.818Z"}
{"URL":"/boards/dc0e10e0-759d-4d85-a6f1-b4b50531c86f/tasks/b8b1a603-9686-4611-a741-f94fae0b0385","METHOD":"GET","CODE":401,"BODY":{},"QUERY":{},"level":"error","message":"error","timestamp":"2020-04-12T09:19:13.107Z"}
{"URL":"/boards/dc0e10e0-759d-4d85-a6f1-b4b50531c86f/tasks/6de8456c-8d39-4f40-81f8-aaa8ea543b8d","METHOD":"GET","CODE":401,"BODY":{},"QUERY":{},"level":"error","message":"error","timestamp":"2020-04-12T09:19:13.132Z"}
{"URL":"/boards/dc0e10e0-759d-4d85-a6f1-b4b50531c86f/tasks/7f97da43-0436-4871-bbbf-8c983010f85b","METHOD":"GET","CODE":401,"BODY":{},"QUERY":{},"level":"error","message":"error","timestamp":"2020-04-12T09:19:13.140Z"}
{"URL":"/boards/dc0e10e0-759d-4d85-a6f1-b4b50531c86f/tasks/00181cce-ecab-42be-8289-a90876870b14","METHOD":"GET","CODE":401,"BODY":{},"QUERY":{},"level":"error","message":"error","timestamp":"2020-04-12T09:19:13.148Z"}
{"URL":"/boards/dc0e10e0-759d-4d85-a6f1-b4b50531c86f/tasks/23da2cb6-cc82-4b2b-9084-68f3b0479e09","METHOD":"GET","CODE":401,"BODY":{},"QUERY":{},"level":"error","message":"error","timestamp":"2020-04-12T09:19:13.175Z"}
{"URL":"/boards/4fbee416-4d42-4a2f-86af-207aa38f8851/tasks/9be156ca-9ebc-4610-bcab-3002a5c5e81f","METHOD":"GET","CODE":401,"BODY":{},"QUERY":{},"level":"error","message":"error","timestamp":"2020-04-12T09:19:40.522Z"}
{"URL":"/boards/7c0c3b3a-b66f-4917-9620-65c6fde2b7e3","METHOD":"GET","CODE":404,"BODY":{},"QUERY":{},"level":"error","message":"error","timestamp":"2020-04-12T09:19:40.561Z"}
{"URL":"/boards/f1073d50-144a-4a8b-9944-4aec397d64f4/tasks/296de3d9-0197-41da-a3d0-4933a9038af8","METHOD":"GET","CODE":401,"BODY":{},"QUERY":{},"level":"error","message":"error","timestamp":"2020-04-12T09:19:40.653Z"}
{"URL":"/boards/f1073d50-144a-4a8b-9944-4aec397d64f4/tasks/cb901c8b-0e08-4b3c-9ab2-004ce670040e","METHOD":"GET","CODE":401,"BODY":{},"QUERY":{},"level":"error","message":"error","timestamp":"2020-04-12T09:19:40.660Z"}
{"URL":"/boards/f1073d50-144a-4a8b-9944-4aec397d64f4/tasks/9d6379d2-3bd1-49e0-95b8-5851228a4a1f","METHOD":"GET","CODE":401,"BODY":{},"QUERY":{},"level":"error","message":"error","timestamp":"2020-04-12T09:19:40.674Z"}
{"URL":"/boards/f1073d50-144a-4a8b-9944-4aec397d64f4/tasks/d566482e-db24-44e8-8d4a-88eb9d7af351","METHOD":"GET","CODE":401,"BODY":{},"QUERY":{},"level":"error","message":"error","timestamp":"2020-04-12T09:19:40.714Z"}
{"URL":"/boards/f1073d50-144a-4a8b-9944-4aec397d64f4/tasks/7b5f6ea1-4038-4567-a3a1-f6059515d127","METHOD":"GET","CODE":401,"BODY":{},"QUERY":{},"level":"error","message":"error","timestamp":"2020-04-12T09:19:40.718Z"}
{"URL":"/boards/c5474958-560f-4862-bed8-3e031f78f55b/tasks/0289ac50-2db6-45f4-9598-93e2e577e0d5","METHOD":"GET","CODE":401,"BODY":{},"QUERY":{},"level":"error","message":"error","timestamp":"2020-04-12T09:22:37.703Z"}
{"URL":"/boards/7c0c3b3a-b66f-4917-9620-65c6fde2b7e3","METHOD":"GET","CODE":404,"BODY":{},"QUERY":{},"level":"error","message":"error","timestamp":"2020-04-12T09:22:37.746Z"}
{"URL":"/boards/c1e8f04a-9646-4275-8d58-e1ee78b74922/tasks/a0e539e2-fc38-429f-ae9d-fa39b425e62e","METHOD":"GET","CODE":401,"BODY":{},"QUERY":{},"level":"error","message":"error","timestamp":"2020-04-12T09:22:38.123Z"}
{"URL":"/boards/c1e8f04a-9646-4275-8d58-e1ee78b74922/tasks/ed8f8e36-497b-430b-b57b-d33ba20c6099","METHOD":"GET","CODE":401,"BODY":{},"QUERY":{},"level":"error","message":"error","timestamp":"2020-04-12T09:22:38.166Z"}
{"URL":"/boards/c1e8f04a-9646-4275-8d58-e1ee78b74922/tasks/58213c60-8d78-422b-a2fa-ce4294029290","METHOD":"GET","CODE":401,"BODY":{},"QUERY":{},"level":"error","message":"error","timestamp":"2020-04-12T09:22:38.198Z"}
{"URL":"/boards/c1e8f04a-9646-4275-8d58-e1ee78b74922/tasks/1d3dad36-3701-4b0c-93cc-b7fc63b164e1","METHOD":"GET","CODE":401,"BODY":{},"QUERY":{},"level":"error","message":"error","timestamp":"2020-04-12T09:22:38.246Z"}
{"URL":"/boards/c1e8f04a-9646-4275-8d58-e1ee78b74922/tasks/c44cba73-1237-4d44-a800-fbc1024c46c0","METHOD":"GET","CODE":401,"BODY":{},"QUERY":{},"level":"error","message":"error","timestamp":"2020-04-12T09:22:38.281Z"}
{"URL":"/boards/22e6c60c-a366-47b2-a61f-2777ad16c611/tasks/d29ee8ba-a688-4955-b100-172051216964","METHOD":"GET","CODE":401,"BODY":{},"QUERY":{},"level":"error","message":"error","timestamp":"2020-04-12T09:23:40.342Z"}
{"URL":"/boards/7c0c3b3a-b66f-4917-9620-65c6fde2b7e3","METHOD":"GET","CODE":404,"BODY":{},"QUERY":{},"level":"error","message":"error","timestamp":"2020-04-12T09:23:40.355Z"}
{"URL":"/boards/a9fc4761-14a7-414e-9a3e-e50edeb5fbb7/tasks/4e11b779-12ed-4028-9248-8551c04298ab","METHOD":"GET","CODE":401,"BODY":{},"QUERY":{},"level":"error","message":"error","timestamp":"2020-04-12T09:23:40.511Z"}
{"URL":"/boards/a9fc4761-14a7-414e-9a3e-e50edeb5fbb7/tasks/ec2e56dd-3497-4115-8e10-aa308af274bd","METHOD":"GET","CODE":401,"BODY":{},"QUERY":{},"level":"error","message":"error","timestamp":"2020-04-12T09:23:40.518Z"}
{"URL":"/boards/a9fc4761-14a7-414e-9a3e-e50edeb5fbb7/tasks/081bd0c6-3eaa-49c0-a92d-f9e53394432d","METHOD":"GET","CODE":401,"BODY":{},"QUERY":{},"level":"error","message":"error","timestamp":"2020-04-12T09:23:40.560Z"}
{"URL":"/boards/a9fc4761-14a7-414e-9a3e-e50edeb5fbb7/tasks/a33c3dab-2929-41f4-bfc6-4efc5ed2e45e","METHOD":"GET","CODE":401,"BODY":{},"QUERY":{},"level":"error","message":"error","timestamp":"2020-04-12T09:23:40.609Z"}
{"URL":"/boards/a9fc4761-14a7-414e-9a3e-e50edeb5fbb7/tasks/a0ebca7a-f647-4d51-a2ea-d0603ab31600","METHOD":"GET","CODE":401,"BODY":{},"QUERY":{},"level":"error","message":"error","timestamp":"2020-04-12T09:23:40.651Z"}
{"URL":"/boards/7c0c3b3a-b66f-4917-9620-65c6fde2b7e3","METHOD":"GET","CODE":404,"BODY":{},"QUERY":{},"level":"error","message":"error","timestamp":"2020-04-12T09:26:38.973Z"}
{"URL":"/boards/2805339b-c78f-42b1-a703-36f5d85412a2/tasks/c37a93f0-e13b-4162-bbf3-76c34e9aa9cf","METHOD":"GET","CODE":401,"BODY":{},"QUERY":{},"level":"error","message":"error","timestamp":"2020-04-12T09:26:39.080Z"}
{"URL":"/boards/2805339b-c78f-42b1-a703-36f5d85412a2/tasks/c4227519-1ac3-415d-97d6-8f2e26fd3a00","METHOD":"GET","CODE":401,"BODY":{},"QUERY":{},"level":"error","message":"error","timestamp":"2020-04-12T09:26:39.084Z"}
{"URL":"/boards/2805339b-c78f-42b1-a703-36f5d85412a2/tasks/106ff13d-b9cf-465b-9264-fda5d72bc51c","METHOD":"GET","CODE":401,"BODY":{},"QUERY":{},"level":"error","message":"error","timestamp":"2020-04-12T09:26:39.089Z"}
{"URL":"/boards/2805339b-c78f-42b1-a703-36f5d85412a2/tasks/8e2efc90-07e5-4811-ae7a-2af425c54b37","METHOD":"GET","CODE":401,"BODY":{},"QUERY":{},"level":"error","message":"error","timestamp":"2020-04-12T09:26:39.094Z"}
{"URL":"/boards/2805339b-c78f-42b1-a703-36f5d85412a2/tasks/17ca4b3c-5dfd-4306-90dd-339ffefe076a","METHOD":"GET","CODE":401,"BODY":{},"QUERY":{},"level":"error","message":"error","timestamp":"2020-04-12T09:26:39.112Z"}
{"URL":"/boards/954c46d7-2a4a-40eb-a379-c764ec51f077/tasks/60863ee1-e8b4-4301-9c55-f615187e1eba","METHOD":"GET","CODE":401,"BODY":{},"QUERY":{},"level":"error","message":"error","timestamp":"2020-04-12T09:26:39.176Z"}
{"URL":"/boards/e2c6f32c-119d-4aa7-b3eb-9dcae7b834c5/tasks/027bf7d4-9de2-4d03-bf9d-09948facaa92","METHOD":"GET","CODE":401,"BODY":{},"QUERY":{},"level":"error","message":"error","timestamp":"2020-04-12T09:28:31.769Z"}
{"URL":"/boards/7c0c3b3a-b66f-4917-9620-65c6fde2b7e3","METHOD":"GET","CODE":404,"BODY":{},"QUERY":{},"level":"error","message":"error","timestamp":"2020-04-12T09:28:31.789Z"}
{"URL":"/boards/c7636724-da08-45f0-8bf1-3f3eb7c1576d/tasks/1f9e2233-b417-4497-be3c-06828af196c6","METHOD":"GET","CODE":401,"BODY":{},"QUERY":{},"level":"error","message":"error","timestamp":"2020-04-12T09:28:31.873Z"}
{"URL":"/boards/c7636724-da08-45f0-8bf1-3f3eb7c1576d/tasks/39950ea5-3251-4cf4-832a-f4515af58cd1","METHOD":"GET","CODE":401,"BODY":{},"QUERY":{},"level":"error","message":"error","timestamp":"2020-04-12T09:28:31.905Z"}
{"URL":"/boards/c7636724-da08-45f0-8bf1-3f3eb7c1576d/tasks/67ac9f7c-6c04-4910-9b76-4330efd67501","METHOD":"GET","CODE":401,"BODY":{},"QUERY":{},"level":"error","message":"error","timestamp":"2020-04-12T09:28:31.927Z"}
{"URL":"/boards/c7636724-da08-45f0-8bf1-3f3eb7c1576d/tasks/b2c975da-058a-4374-b524-6b1539aa2bf9","METHOD":"GET","CODE":401,"BODY":{},"QUERY":{},"level":"error","message":"error","timestamp":"2020-04-12T09:28:31.945Z"}
{"URL":"/boards/c7636724-da08-45f0-8bf1-3f3eb7c1576d/tasks/23e7d792-c2d3-43a4-b8f3-5393503e2238","METHOD":"GET","CODE":401,"BODY":{},"QUERY":{},"level":"error","message":"error","timestamp":"2020-04-12T09:28:31.957Z"}
